<?xml version="1.0" encoding="UTF-8"?>
<testsuite xmlns:xsi="http://www.w3.org/2001/XMLSchema-instance" xsi:noNamespaceSchemaLocation="https://maven.apache.org/surefire/maven-surefire-plugin/xsd/surefire-test-report.xsd" version="3.0.2" name="com.example.quad_assignment.QuestionServiceTests" time="0.107" tests="3" errors="0" skipped="0" failures="0">
  <properties>
[...]
</properties>
  <testcase name="testCreateQuestionStoresCorrectAnswerAndSortsAnswers" classname="com.example.quad_assignment.QuestionServiceTests" time="0.007">
    <system-out><![CDATA[
  .   ____          _            __ _ _
 /\\ / ___'_ __ _ _(_)_ __  __ _ \ \ \ \
( ( )\___ | '_ | '_| | '_ \/ _` | \ \ \ \
 \\/  ___)| |_)| | | | | || (_| |  ) ) ) )
  '  |____| .__|_| |_|_| |_\__, | / / / /
 =========|_|==============|___/=/_/_/_/

 :: Spring Boot ::                (v3.5.5)

2025-10-01T02:05:06.536+02:00  INFO 59320 --- [quad-assignment] [           main] c.e.q.QuestionServiceTests               : Starting QuestionServiceTests using Java 21.0.7 with PID 59320 (started by Mart in C:\Users\horri\eclipse-workspace\quad-assignment)
2025-10-01T02:05:06.537+02:00  INFO 59320 --- [quad-assignment] [           main] c.e.q.QuestionServiceTests               : No active profile set, falling back to 1 default profile: "default"
2025-10-01T02:05:06.553+02:00  INFO 59320 --- [quad-assignment] [           main] c.e.q.QuestionServiceTests               : Started QuestionServiceTests in 0.074 seconds (process running for 4.707)
]]></system-out>
  </testcase>
  <testcase name="testCheckAnswerCorrect" classname="com.example.quad_assignment.QuestionServiceTests" time="0.004"/>
  <testcase name="testCheckAnswerWrong" classname="com.example.quad_assignment.QuestionServiceTests" time="0.003"/>
</testsuite>